0 info it worked if it ends with ok
1 verbose cli [ '/Users/laurelherting/.nvm/versions/node/v6.2.0/bin/node',
1 verbose cli   '/Users/laurelherting/.nvm/versions/node/v6.2.0/bin/npm',
1 verbose cli   'start' ]
2 info using npm@3.8.9
3 info using node@v6.2.0
4 verbose stack Error: Failed to parse json
4 verbose stack Unexpected token ' ' at 9:21
4 verbose stack     "build": "dist": "webpack --env=prod --config webpack.prod.config.babel.js
4 verbose stack                     ^
4 verbose stack     at parseError (/Users/laurelherting/.nvm/versions/node/v6.2.0/lib/node_modules/npm/node_modules/read-package-json/read-json.js:390:11)
4 verbose stack     at parseJson (/Users/laurelherting/.nvm/versions/node/v6.2.0/lib/node_modules/npm/node_modules/read-package-json/read-json.js:79:23)
4 verbose stack     at /Users/laurelherting/.nvm/versions/node/v6.2.0/lib/node_modules/npm/node_modules/read-package-json/read-json.js:48:5
4 verbose stack     at /Users/laurelherting/.nvm/versions/node/v6.2.0/lib/node_modules/npm/node_modules/graceful-fs/graceful-fs.js:78:16
4 verbose stack     at tryToString (fs.js:449:3)
4 verbose stack     at FSReqWrap.readFileAfterClose [as oncomplete] (fs.js:436:12)
5 verbose cwd /Users/laurelherting/code/react-motion/src
6 error Darwin 16.5.0
7 error argv "/Users/laurelherting/.nvm/versions/node/v6.2.0/bin/node" "/Users/laurelherting/.nvm/versions/node/v6.2.0/bin/npm" "start"
8 error node v6.2.0
9 error npm  v3.8.9
10 error file /Users/laurelherting/code/react-motion/package.json
11 error code EJSONPARSE
12 error Failed to parse json
12 error Unexpected token ' ' at 9:21
12 error     "build": "dist": "webpack --env=prod --config webpack.prod.config.babel.js
12 error                     ^
13 error File: /Users/laurelherting/code/react-motion/package.json
14 error Failed to parse package.json data.
14 error package.json must be actual JSON, not just JavaScript.
14 error
14 error This is not a bug in npm.
14 error Tell the package author to fix their package.json file. JSON.parse
15 verbose exit [ 1, true ]
